Build started 11/21/2017 12:32:34 PM.
     1>Project "E:\Semester 3\kelas211117\kelas211117\kelas211117.vcxproj" on node 2 (build target(s)).
     1>InitializeBuildStatus:
         Creating "Debug\kelas211117.unsuccessfulbuild" because "AlwaysCreate" was specified.
       ClCompile:
         C:\Program Files\Microsoft Visual Studio 10.0\VC\bin\CL.exe /c /ZI /nologo /W3 /WX- /Od /Oy- /D WIN32 /D _DEBUG /D _CONSOLE /D _UNICODE /D UNICODE /Gm /EHsc /RTC1 /MDd /GS /fp:precise /Zc:wchar_t /Zc:forScope /Fo"Debug\\" /Fd"Debug\vc100.pdb" /Gd /TP /analyze- /errorReport:prompt "main data.cpp"
         main data.cpp
     1>e:\semester 3\kelas211117\kelas211117\main data.cpp(73): warning C4101: 'n' : unreferenced local variable
     1>e:\semester 3\kelas211117\kelas211117\main data.cpp(74): warning C4101: 'str' : unreferenced local variable
     1>e:\semester 3\kelas211117\kelas211117\main data.cpp(73): warning C4101: 'm' : unreferenced local variable
       Link:
         C:\Program Files\Microsoft Visual Studio 10.0\VC\bin\link.exe /ERRORREPORT:PROMPT /OUT:"E:\Semester 3\kelas211117\Debug\kelas211117.exe" /INCREMENTAL:NO /NOLOGO kernel32.lib user32.lib gdi32.lib winspool.lib comdlg32.lib advapi32.lib shell32.lib ole32.lib oleaut32.lib uuid.lib odbc32.lib odbccp32.lib /MANIFEST /ManifestFile:"Debug\kelas211117.exe.intermediate.manifest" /MANIFESTUAC:"level='asInvoker' uiAccess='false'" /DEBUG /PDB:"E:\Semester 3\kelas211117\Debug\kelas211117.pdb" /SUBSYSTEM:CONSOLE /TLBID:1 /DYNAMICBASE /NXCOMPAT /IMPLIB:"E:\Semester 3\kelas211117\Debug\kelas211117.lib" /MACHINE:X86 "Debug\main data.obj"
     1>main data.obj : warning LNK4075: ignoring '/EDITANDCONTINUE' due to '/INCREMENTAL:NO' specification
         kelas211117.vcxproj -> E:\Semester 3\kelas211117\Debug\kelas211117.exe
       Manifest:
         C:\Program Files\Microsoft SDKs\Windows\v7.0A\bin\mt.exe /nologo /verbose /outputresource:"E:\Semester 3\kelas211117\Debug\kelas211117.exe;#1" /manifest Debug\kelas211117.exe.intermediate.manifest
       FinalizeBuildStatus:
         Deleting file "Debug\kelas211117.unsuccessfulbuild".
         Touching "Debug\kelas211117.lastbuildstate".
     1>Done Building Project "E:\Semester 3\kelas211117\kelas211117\kelas211117.vcxproj" (build target(s)).

Build succeeded.

Time Elapsed 00:00:04.30
