C:\USERS\ANDREAS PC\DESKTOP\POLY\DEBUG\POLY.EXE
C:\USERS\ANDREAS PC\DESKTOP\POLY\DEBUG\POLY.PDB
C:\Users\Andreas Pc\Desktop\poly\poly\Debug\cl.command.1.tlog
C:\Users\Andreas Pc\Desktop\poly\poly\Debug\CL.read.1.tlog
C:\Users\Andreas Pc\Desktop\poly\poly\Debug\CL.write.1.tlog
C:\Users\Andreas Pc\Desktop\poly\poly\Debug\link.command.1.tlog
C:\Users\Andreas Pc\Desktop\poly\poly\Debug\link.read.1.tlog
C:\Users\Andreas Pc\Desktop\poly\poly\Debug\link.write.1.tlog
C:\USERS\ANDREAS PC\DESKTOP\POLY\POLY\DEBUG\MAIN.OBJ
C:\Users\Andreas Pc\Desktop\poly\poly\Debug\mt.command.1.tlog
C:\Users\Andreas Pc\Desktop\poly\poly\Debug\mt.read.1.tlog
C:\Users\Andreas Pc\Desktop\poly\poly\Debug\mt.write.1.tlog
C:\Users\Andreas Pc\Desktop\poly\poly\Debug\poly.exe.embed.manifest
C:\Users\Andreas Pc\Desktop\poly\poly\Debug\poly.exe.embed.manifest.res
C:\USERS\ANDREAS PC\DESKTOP\POLY\POLY\DEBUG\POLY.EXE.INTERMEDIATE.MANIFEST
C:\Users\Andreas Pc\Desktop\poly\poly\Debug\poly.vcxprojResolveAssemblyReference.cache
C:\Users\Andreas Pc\Desktop\poly\poly\Debug\poly.write.1.tlog
C:\Users\Andreas Pc\Desktop\poly\poly\Debug\poly_manifest.rc
C:\Users\Andreas Pc\Desktop\poly\poly\Debug\rc.command.1.tlog
C:\Users\Andreas Pc\Desktop\poly\poly\Debug\rc.read.1.tlog
C:\Users\Andreas Pc\Desktop\poly\poly\Debug\rc.write.1.tlog
C:\Users\Andreas Pc\Desktop\poly\poly\Debug\vc100.idb
C:\USERS\ANDREAS PC\DESKTOP\POLY\POLY\DEBUG\VC100.PDB
E:\SEMESTER 3\PBO\POLY\DEBUG\POLY.EXE
E:\SEMESTER 3\PBO\POLY\DEBUG\POLY.PDB
E:\SEMESTER 3\PBO\POLY\POLY\DEBUG\MAIN.OBJ
E:\SEMESTER 3\PBO\POLY\POLY\DEBUG\POLY.EXE.EMBED.MANIFEST.RES
E:\SEMESTER 3\PBO\POLY\POLY\DEBUG\POLY.EXE.INTERMEDIATE.MANIFEST
E:\SEMESTER 3\PBO\POLY\POLY\DEBUG\VC100.PDB
F:\SEMESTER 3\PBO\POLY\DEBUG\POLY.EXE
F:\SEMESTER 3\PBO\POLY\DEBUG\POLY.PDB
F:\SEMESTER 3\PBO\POLY\POLY\DEBUG\MAIN.OBJ
F:\SEMESTER 3\PBO\POLY\POLY\DEBUG\POLY.EXE.INTERMEDIATE.MANIFEST
F:\SEMESTER 3\PBO\POLY\POLY\DEBUG\VC100.PDB
