Build started 11/28/2017 8:13:58 PM.
     1>Project "C:\Users\Andreas Pc\Desktop\praktikum3\praktikum3\praktikum3.vcxproj" on node 2 (build target(s)).
     1>InitializeBuildStatus:
         Touching "Debug\praktikum3.unsuccessfulbuild".
       ClCompile:
         C:\Program Files (x86)\Microsoft Visual Studio 10.0\VC\bin\CL.exe /c /ZI /nologo /W3 /WX- /Od /Oy- /D WIN32 /D _DEBUG /D _CONSOLE /D _UNICODE /D UNICODE /Gm /EHsc /RTC1 /MDd /GS /fp:precise /Zc:wchar_t /Zc:forScope /Fo"Debug\\" /Fd"Debug\vc100.pdb" /Gd /TP /analyze- /errorReport:prompt "main data.cpp"
         main data.cpp
     1>c:\users\andreas pc\desktop\praktikum3\praktikum3\main data.cpp(30): warning C4244: 'return' : conversion from 'double' to 'float', possible loss of data
     1>c:\users\andreas pc\desktop\praktikum3\praktikum3\main data.cpp(35): warning C4244: 'return' : conversion from 'double' to 'float', possible loss of data
     1>c:\users\andreas pc\desktop\praktikum3\praktikum3\main data.cpp(125): warning C4244: 'return' : conversion from 'double' to 'float', possible loss of data
     1>c:\users\andreas pc\desktop\praktikum3\praktikum3\main data.cpp(276): warning C4101: 'arr' : unreferenced local variable
       Link:
         C:\Program Files (x86)\Microsoft Visual Studio 10.0\VC\bin\link.exe /ERRORREPORT:PROMPT /OUT:"C:\Users\Andreas Pc\Desktop\praktikum3\Debug\praktikum3.exe" /INCREMENTAL:NO /NOLOGO kernel32.lib user32.lib gdi32.lib winspool.lib comdlg32.lib advapi32.lib shell32.lib ole32.lib oleaut32.lib uuid.lib odbc32.lib odbccp32.lib /MANIFEST /ManifestFile:"Debug\praktikum3.exe.intermediate.manifest" /MANIFESTUAC:"level='asInvoker' uiAccess='false'" /DEBUG /PDB:"C:\Users\Andreas Pc\Desktop\praktikum3\Debug\praktikum3.pdb" /SUBSYSTEM:CONSOLE /TLBID:1 /DYNAMICBASE /NXCOMPAT /IMPLIB:"C:\Users\Andreas Pc\Desktop\praktikum3\Debug\praktikum3.lib" /MACHINE:X86 "Debug\main data.obj"
     1>main data.obj : warning LNK4075: ignoring '/EDITANDCONTINUE' due to '/INCREMENTAL:NO' specification
         praktikum3.vcxproj -> C:\Users\Andreas Pc\Desktop\praktikum3\Debug\praktikum3.exe
       Manifest:
         c:\Program Files (x86)\Microsoft SDKs\Windows\v7.0A\bin\mt.exe /nologo /verbose /outputresource:"C:\Users\Andreas Pc\Desktop\praktikum3\Debug\praktikum3.exe;#1" /manifest Debug\praktikum3.exe.intermediate.manifest
       FinalizeBuildStatus:
         Deleting file "Debug\praktikum3.unsuccessfulbuild".
         Touching "Debug\praktikum3.lastbuildstate".
     1>Done Building Project "C:\Users\Andreas Pc\Desktop\praktikum3\praktikum3\praktikum3.vcxproj" (build target(s)).

Build succeeded.

Time Elapsed 00:00:01.60
