C:\USERS\ANDREAS PC\DESKTOP\PRAKTIKUM3\DEBUG\PRAKTIKUM3.EXE
C:\USERS\ANDREAS PC\DESKTOP\PRAKTIKUM3\DEBUG\PRAKTIKUM3.PDB
C:\Users\Andreas Pc\Desktop\praktikum3\praktikum3\Debug\cl.command.1.tlog
C:\Users\Andreas Pc\Desktop\praktikum3\praktikum3\Debug\CL.read.1.tlog
C:\Users\Andreas Pc\Desktop\praktikum3\praktikum3\Debug\CL.write.1.tlog
C:\Users\Andreas Pc\Desktop\praktikum3\praktikum3\Debug\link.command.1.tlog
C:\Users\Andreas Pc\Desktop\praktikum3\praktikum3\Debug\link.read.1.tlog
C:\Users\Andreas Pc\Desktop\praktikum3\praktikum3\Debug\link.write.1.tlog
C:\USERS\ANDREAS PC\DESKTOP\PRAKTIKUM3\PRAKTIKUM3\DEBUG\MAIN DATA.OBJ
C:\Users\Andreas Pc\Desktop\praktikum3\praktikum3\Debug\mt.command.1.tlog
C:\Users\Andreas Pc\Desktop\praktikum3\praktikum3\Debug\mt.read.1.tlog
C:\Users\Andreas Pc\Desktop\praktikum3\praktikum3\Debug\mt.write.1.tlog
C:\Users\Andreas Pc\Desktop\praktikum3\praktikum3\Debug\praktikum3.exe.embed.manifest
C:\Users\Andreas Pc\Desktop\praktikum3\praktikum3\Debug\praktikum3.exe.embed.manifest.res
C:\USERS\ANDREAS PC\DESKTOP\PRAKTIKUM3\PRAKTIKUM3\DEBUG\PRAKTIKUM3.EXE.INTERMEDIATE.MANIFEST
C:\Users\Andreas Pc\Desktop\praktikum3\praktikum3\Debug\praktikum3.vcxprojResolveAssemblyReference.cache
C:\Users\Andreas Pc\Desktop\praktikum3\praktikum3\Debug\praktikum3.write.1.tlog
C:\Users\Andreas Pc\Desktop\praktikum3\praktikum3\Debug\praktikum3_manifest.rc
C:\Users\Andreas Pc\Desktop\praktikum3\praktikum3\Debug\rc.command.1.tlog
C:\Users\Andreas Pc\Desktop\praktikum3\praktikum3\Debug\rc.read.1.tlog
C:\Users\Andreas Pc\Desktop\praktikum3\praktikum3\Debug\rc.write.1.tlog
C:\Users\Andreas Pc\Desktop\praktikum3\praktikum3\Debug\vc100.idb
C:\USERS\ANDREAS PC\DESKTOP\PRAKTIKUM3\PRAKTIKUM3\DEBUG\VC100.PDB
E:\SEMESTER 3\PBO\PRAKTIKUM3\DEBUG\PRAKTIKUM3.EXE
E:\SEMESTER 3\PBO\PRAKTIKUM3\DEBUG\PRAKTIKUM3.PDB
E:\SEMESTER 3\PBO\PRAKTIKUM3\PRAKTIKUM3\DEBUG\MAIN DATA.OBJ
E:\SEMESTER 3\PBO\PRAKTIKUM3\PRAKTIKUM3\DEBUG\PRAKTIKUM3.EXE.EMBED.MANIFEST.RES
E:\SEMESTER 3\PBO\PRAKTIKUM3\PRAKTIKUM3\DEBUG\PRAKTIKUM3.EXE.INTERMEDIATE.MANIFEST
E:\SEMESTER 3\PBO\PRAKTIKUM3\PRAKTIKUM3\DEBUG\VC100.PDB
